c:\users\chittoh\source\repos\mandelbrotsetvis\mandelbrotsetvis\debug\mandelbrotsetvis.pch
c:\users\chittoh\source\repos\mandelbrotsetvis\mandelbrotsetvis\debug\vc141.pdb
c:\users\chittoh\source\repos\mandelbrotsetvis\mandelbrotsetvis\debug\vc141.idb
c:\users\chittoh\source\repos\mandelbrotsetvis\mandelbrotsetvis\debug\pch.obj
c:\users\chittoh\source\repos\mandelbrotsetvis\mandelbrotsetvis\debug\mandelbrotsetvis.obj
c:\users\chittoh\source\repos\mandelbrotsetvis\debug\mandelbrotsetvis.exe
c:\users\chittoh\source\repos\mandelbrotsetvis\debug\mandelbrotsetvis.ilk
c:\users\chittoh\source\repos\mandelbrotsetvis\debug\mandelbrotsetvis.pdb
c:\users\chittoh\source\repos\mandelbrotsetvis\mandelbrotsetvis\debug\vcpkg.applocal.log
c:\users\chittoh\source\repos\mandelbrotsetvis\debug\sfml-graphics-d-2.dll
c:\users\chittoh\source\repos\mandelbrotsetvis\debug\sfml-window-d-2.dll
c:\users\chittoh\source\repos\mandelbrotsetvis\debug\sfml-system-d-2.dll
c:\users\chittoh\source\repos\mandelbrotsetvis\debug\freetyped.dll
c:\users\chittoh\source\repos\mandelbrotsetvis\debug\zlibd1.dll
c:\users\chittoh\source\repos\mandelbrotsetvis\debug\bz2d.dll
c:\users\chittoh\source\repos\mandelbrotsetvis\debug\libpng16d.dll
c:\users\chittoh\source\repos\mandelbrotsetvis\mandelbrotsetvis\debug\mandelbrotsetvis.tlog\cl.command.1.tlog
c:\users\chittoh\source\repos\mandelbrotsetvis\mandelbrotsetvis\debug\mandelbrotsetvis.tlog\cl.read.1.tlog
c:\users\chittoh\source\repos\mandelbrotsetvis\mandelbrotsetvis\debug\mandelbrotsetvis.tlog\cl.write.1.tlog
c:\users\chittoh\source\repos\mandelbrotsetvis\mandelbrotsetvis\debug\mandelbrotsetvis.tlog\link.command.1.tlog
c:\users\chittoh\source\repos\mandelbrotsetvis\mandelbrotsetvis\debug\mandelbrotsetvis.tlog\link.read.1.tlog
c:\users\chittoh\source\repos\mandelbrotsetvis\mandelbrotsetvis\debug\mandelbrotsetvis.tlog\link.write.1.tlog
c:\users\chittoh\source\repos\mandelbrotsetvis\mandelbrotsetvis\debug\mandelbrotsetvis.tlog\mandelbrotsetvis.write.1u.tlog
